c:\users\carlo\source\repos\carslegends\src\carlegends\x64\debug\vc143.pdb
c:\users\carlo\source\repos\carslegends\src\carlegends\x64\debug\vc143.idb
c:\users\carlo\source\repos\carslegends\src\carlegends\x64\debug\rendersystem.obj
c:\users\carlo\source\repos\carslegends\src\carlegends\x64\debug\modelloadingsystem.obj
c:\users\carlo\source\repos\carslegends\src\carlegends\x64\debug\isystem.obj
c:\users\carlo\source\repos\carslegends\src\carlegends\x64\debug\camerasystem.obj
c:\users\carlo\source\repos\carslegends\src\carlegends\x64\debug\systemmanager.obj
c:\users\carlo\source\repos\carslegends\src\carlegends\x64\debug\entitymanager.obj
c:\users\carlo\source\repos\carslegends\src\carlegends\x64\debug\componentmanager.obj
c:\users\carlo\source\repos\carslegends\src\carlegends\x64\debug\application.obj
c:\users\carlo\source\repos\carslegends\src\carlegends\x64\debug\game.obj
c:\users\carlo\source\repos\carslegends\src\carlegends\x64\debug\types.obj
c:\users\carlo\source\repos\carslegends\src\carlegends\x64\debug\event.obj
c:\users\carlo\source\repos\carslegends\src\carlegends\x64\debug\componentarray.obj
c:\users\carlo\source\repos\carslegends\src\carlegends\x64\debug\coordinator.obj
c:\users\carlo\source\repos\carslegends\src\x64\debug\carlegends.pdb
c:\users\carlo\source\repos\carslegends\src\carlegends\x64\debug\carlegends.tlog\cl.command.1.tlog
c:\users\carlo\source\repos\carslegends\src\carlegends\x64\debug\carlegends.tlog\cl.read.1.tlog
c:\users\carlo\source\repos\carslegends\src\carlegends\x64\debug\carlegends.tlog\cl.write.1.tlog
c:\users\carlo\source\repos\carslegends\src\carlegends\x64\debug\carlegends.tlog\link-cvtres.read.1.tlog
c:\users\carlo\source\repos\carslegends\src\carlegends\x64\debug\carlegends.tlog\link-cvtres.write.1.tlog
c:\users\carlo\source\repos\carslegends\src\carlegends\x64\debug\carlegends.tlog\link-rc.read.1.tlog
c:\users\carlo\source\repos\carslegends\src\carlegends\x64\debug\carlegends.tlog\link-rc.write.1.tlog
c:\users\carlo\source\repos\carslegends\src\carlegends\x64\debug\carlegends.tlog\link.command.1.tlog
c:\users\carlo\source\repos\carslegends\src\carlegends\x64\debug\carlegends.tlog\link.read.1.tlog
c:\users\carlo\source\repos\carslegends\src\carlegends\x64\debug\carlegends.tlog\link.read.2.tlog
c:\users\carlo\source\repos\carslegends\src\carlegends\x64\debug\carlegends.tlog\link.write.1.tlog
