c:\users\carlo\source\repos\carslegends\src\carlegendsengine\x64\release\vc143.pdb
c:\users\carlo\source\repos\carslegends\src\carlegendsengine\x64\release\texture.obj
c:\users\carlo\source\repos\carslegends\src\carlegendsengine\x64\release\stb.obj
c:\users\carlo\source\repos\carslegends\src\carlegendsengine\x64\release\shaderprogram.obj
c:\users\carlo\source\repos\carslegends\src\carlegendsengine\x64\release\model.obj
c:\users\carlo\source\repos\carslegends\src\carlegendsengine\x64\release\mesh.obj
c:\users\carlo\source\repos\carslegends\src\carlegendsengine\x64\release\vertexbuffer.obj
c:\users\carlo\source\repos\carslegends\src\carlegendsengine\x64\release\vertexarray.obj
c:\users\carlo\source\repos\carslegends\src\carlegendsengine\x64\release\elementbuffer.obj
c:\users\carlo\source\repos\carslegends\src\x64\release\carlegendsengine.pdb
c:\users\carlo\source\repos\carslegends\src\carlegendsengine\x64\release\glad.obj
c:\users\carlo\source\repos\carslegends\src\carlegends\librariescarlegendsengine.lib
c:\users\carlo\source\repos\carslegends\src\x64\release\carlegendsengine.lib
c:\users\carlo\source\repos\carslegends\src\carlegendsengine\x64\release\carlegendsengine.tlog\cl.command.1.tlog
c:\users\carlo\source\repos\carslegends\src\carlegendsengine\x64\release\carlegendsengine.tlog\cl.items.tlog
c:\users\carlo\source\repos\carslegends\src\carlegendsengine\x64\release\carlegendsengine.tlog\cl.read.1.tlog
c:\users\carlo\source\repos\carslegends\src\carlegendsengine\x64\release\carlegendsengine.tlog\cl.write.1.tlog
c:\users\carlo\source\repos\carslegends\src\carlegendsengine\x64\release\carlegendsengine.tlog\lib-link.read.1.tlog
c:\users\carlo\source\repos\carslegends\src\carlegendsengine\x64\release\carlegendsengine.tlog\lib-link.write.1.tlog
c:\users\carlo\source\repos\carslegends\src\carlegendsengine\x64\release\carlegendsengine.tlog\lib.command.1.tlog
c:\users\carlo\source\repos\carslegends\src\carlegendsengine\x64\release\carlegendsengine.tlog\link.command.1.tlog
c:\users\carlo\source\repos\carslegends\src\carlegendsengine\x64\release\carlegendsengine.tlog\link.read.1.tlog
c:\users\carlo\source\repos\carslegends\src\carlegendsengine\x64\release\carlegendsengine.tlog\link.write.1.tlog
